=== Negeri Sembilan PRN 2026 - Daily Collection ===
Date: 20260713
Timestamp: 20260713_010102

Collecting from 13 sources...

→ sinarhariancommy...
  ✗ Content too thin (31 words)
→ bhariancommy...
  ✓ Success (415 words)
→ utusancommy...
  ✓ Success (83 words)
→ nstcommy...
  ✗ Content too thin (3 words)
→ thestarcommy...
  ✓ Success (1042 words)
→ malaysiakinicom...
  ✗ Content too thin (29 words)
→ freemalaysiatodaycom...
  ✗ Content too thin (26 words)
→ bernamahubcom...
  ✗ No markdown in response
→ astroawanicom...
  ✓ Success (613 words)
→ ohbulancom...
  ✓ Success (629 words)
→ mstarcommy...
  ✓ Success (95 words)
→ metrocommy...
  ✗ Content too thin (48 words)
→ kosmocommy...
  ✓ Success (181 words)

=== Collection Summary ===
Successful: 7/13
Timeouts: 0
Errors: 6

Metadata written to: /home/p62operator/.openclaw/workspace-ns/intelligence/raw/20260713/collection_metadata.json

✓ Collection completed successfully (exit code 0)
