=== Negeri Sembilan PRN 2026 - Daily Collection ===
Date: 20260712
Timestamp: 20260712_053155

Collecting from 13 sources...

→ sinarhariancommy...
  ✓ Success (117 words)
→ bhariancommy...
  ✗ No markdown in response
→ utusancommy...
  ✓ Success (82 words)
→ nstcommy...
  ✗ Content too thin (4 words)
→ thestarcommy...
  ✓ Success (291 words)
→ malaysiakinicom...
  ✓ Success (76 words)
→ freemalaysiatodaycom...
  ✗ Content too thin (26 words)
→ bernamahubcom...
  ✗ No markdown in response
→ astroawanicom...
  ✓ Success (505 words)
→ ohbulancom...
  ✓ Success (629 words)
→ mstarcommy...
  ✓ Success (80 words)
→ metrocommy...
  ✗ Content too thin (39 words)
→ kosmocommy...
  ✓ Success (180 words)

=== Collection Summary ===
Successful: 8/13
Timeouts: 0
Errors: 5

Metadata written to: /home/p62operator/.openclaw/workspace-ns/intelligence/raw/20260712/collection_metadata.json

✓ Collection completed successfully
